0 info it worked if it ends with ok
1 verbose cli [ 'node',
1 verbose cli   '/usr/local/bin/npm',
1 verbose cli   'install',
1 verbose cli   '-g',
1 verbose cli   'cordova',
1 verbose cli   'ionic' ]
2 info using npm@2.5.1
3 info using node@v0.12.0
4 silly cache add args [ 'cordova', null ]
5 verbose cache add spec cordova
6 silly cache add args [ 'ionic', null ]
7 verbose cache add spec ionic
8 silly cache add parsed spec { raw: 'cordova',
8 silly cache add   scope: null,
8 silly cache add   name: 'cordova',
8 silly cache add   rawSpec: '',
8 silly cache add   spec: '*',
8 silly cache add   type: 'range' }
9 verbose addNamed cordova@*
10 silly addNamed semver.valid null
11 silly addNamed semver.validRange *
12 silly addNameRange { name: 'cordova', range: '*', hasData: false }
13 silly mapToRegistry name cordova
14 silly mapToRegistry using default registry
15 silly mapToRegistry registry https://registry.npmjs.org/
16 silly mapToRegistry uri https://registry.npmjs.org/cordova
17 verbose addNameRange registry:https://registry.npmjs.org/cordova not in flight; fetching
18 silly cache add parsed spec { raw: 'ionic',
18 silly cache add   scope: null,
18 silly cache add   name: 'ionic',
18 silly cache add   rawSpec: '',
18 silly cache add   spec: '*',
18 silly cache add   type: 'range' }
19 verbose addNamed ionic@*
20 silly addNamed semver.valid null
21 silly addNamed semver.validRange *
22 silly addNameRange { name: 'ionic', range: '*', hasData: false }
23 silly mapToRegistry name ionic
24 silly mapToRegistry using default registry
25 silly mapToRegistry registry https://registry.npmjs.org/
26 silly mapToRegistry uri https://registry.npmjs.org/ionic
27 verbose addNameRange registry:https://registry.npmjs.org/ionic not in flight; fetching
28 verbose request uri https://registry.npmjs.org/cordova
29 verbose request no auth needed
30 info attempt registry request try #1 at 2:36:34 AM
31 verbose request id a70e382b897e57f4
32 http request GET https://registry.npmjs.org/cordova
33 verbose request uri https://registry.npmjs.org/ionic
34 verbose request no auth needed
35 info attempt registry request try #1 at 2:36:34 AM
36 http request GET https://registry.npmjs.org/ionic
37 info retry will retry, error on last attempt: Error: getaddrinfo ENOTFOUND registry.npmjs.org
38 info retry will retry, error on last attempt: Error: getaddrinfo ENOTFOUND registry.npmjs.org
39 info attempt registry request try #2 at 2:37:19 AM
40 http request GET https://registry.npmjs.org/cordova
41 info attempt registry request try #2 at 2:37:19 AM
42 http request GET https://registry.npmjs.org/ionic
43 info retry will retry, error on last attempt: Error: getaddrinfo ENOTFOUND registry.npmjs.org
44 info retry will retry, error on last attempt: Error: getaddrinfo ENOTFOUND registry.npmjs.org
45 info attempt registry request try #3 at 2:38:19 AM
46 http request GET https://registry.npmjs.org/cordova
47 info attempt registry request try #3 at 2:38:19 AM
48 http request GET https://registry.npmjs.org/ionic
49 http 200 https://registry.npmjs.org/cordova
50 silly get cb [ 200,
50 silly get   { server: 'CouchDB/1.5.0 (Erlang OTP/R16B03)',
50 silly get     etag: '"2MGBSBTFK5CK72H3WSGLL7UZS"',
50 silly get     'content-type': 'application/json',
50 silly get     'cache-control': 'max-age=60',
50 silly get     'content-length': '359611',
50 silly get     'accept-ranges': 'bytes',
50 silly get     date: 'Fri, 04 Sep 2015 19:38:21 GMT',
50 silly get     via: '1.1 varnish',
50 silly get     age: '0',
50 silly get     connection: 'keep-alive',
50 silly get     'x-served-by': 'cache-lax1422-LAX',
50 silly get     'x-cache': 'HIT',
50 silly get     'x-cache-hits': '1',
50 silly get     'x-timer': 'S1441395501.296307,VS0,VE53',
50 silly get     vary: 'Accept' } ]
51 verbose get saving cordova to /Users/softech/.npm/registry.npmjs.org/cordova/.cache.json
52 silly addNameRange number 2 { name: 'cordova', range: '*', hasData: true }
53 silly addNameRange versions [ 'cordova',
53 silly addNameRange   [ '0.0.1',
53 silly addNameRange     '0.0.2',
53 silly addNameRange     '0.0.3',
53 silly addNameRange     '0.0.4',
53 silly addNameRange     '0.0.5',
53 silly addNameRange     '0.0.6',
53 silly addNameRange     '0.0.7',
53 silly addNameRange     '0.0.8',
53 silly addNameRange     '0.0.9',
53 silly addNameRange     '0.1.0',
53 silly addNameRange     '0.1.1',
53 silly addNameRange     '0.1.2',
53 silly addNameRange     '0.1.3',
53 silly addNameRange     '0.1.4',
53 silly addNameRange     '0.1.5',
53 silly addNameRange     '0.1.6',
53 silly addNameRange     '0.1.7',
53 silly addNameRange     '0.1.8',
53 silly addNameRange     '0.1.9',
53 silly addNameRange     '0.1.10',
53 silly addNameRange     '0.1.11',
53 silly addNameRange     '0.1.12',
53 silly addNameRange     '0.1.13',
53 silly addNameRange     '0.1.14',
53 silly addNameRange     '2.2.0',
53 silly addNameRange     '2.3.0',
53 silly addNameRange     '2.3.1',
53 silly addNameRange     '2.3.2',
53 silly addNameRange     '2.3.3',
53 silly addNameRange     '2.3.5',
53 silly addNameRange     '2.3.6',
53 silly addNameRange     '2.4.0',
53 silly addNameRange     '2.4.1',
53 silly addNameRange     '2.4.2',
53 silly addNameRange     '2.4.3',
53 silly addNameRange     '2.4.4',
53 silly addNameRange     '2.4.5',
53 silly addNameRange     '2.4.6',
53 silly addNameRange     '2.4.7',
53 silly addNameRange     '2.4.8',
53 silly addNameRange     '2.4.9',
53 silly addNameRange     '2.4.10',
53 silly addNameRange     '2.5.0',
53 silly addNameRange     '2.5.2',
53 silly addNameRange     '2.5.3',
53 silly addNameRange     '2.5.4',
53 silly addNameRange     '2.5.5',
53 silly addNameRange     '2.6.0',
53 silly addNameRange     '2.6.1',
53 silly addNameRange     '2.6.2',
53 silly addNameRange     '2.7.0-rc.1',
53 silly addNameRange     '2.7.1-rc.1',
53 silly addNameRange     '2.7.2',
53 silly addNameRange     '2.7.3',
53 silly addNameRange     '2.7.4',
53 silly addNameRange     '2.8.0',
53 silly addNameRange     '2.8.1',
53 silly addNameRange     '2.8.2',
53 silly addNameRange     '2.8.3',
53 silly addNameRange     '2.8.4',
53 silly addNameRange     '2.8.5',
53 silly addNameRange     '2.8.6',
53 silly addNameRange     '2.8.7',
53 silly addNameRange     '2.8.8',
53 silly addNameRange     '2.8.9',
53 silly addNameRange     '2.8.10',
53 silly addNameRange     '2.8.11',
53 silly addNameRange     '2.8.12',
53 silly addNameRange     '2.8.13',
53 silly addNameRange     '2.8.14',
53 silly addNameRange     '2.8.15',
53 silly addNameRange     '2.8.16',
53 silly addNameRange     '2.8.17',
53 silly addNameRange     '2.8.18',
53 silly addNameRange     '2.8.19',
53 silly addNameRange     '2.8.20',
53 silly addNameRange     '2.8.21',
53 silly addNameRange     '2.8.22',
53 silly addNameRange     '2.8.23',
53 silly addNameRange     '2.8.24',
53 silly addNameRange     '2.8.25',
53 silly addNameRange     '2.9.0',
53 silly addNameRange     '2.9.1',
53 silly addNameRange     '2.9.2',
53 silly addNameRange     '2.9.3',
53 silly addNameRange     '2.9.4',
53 silly addNameRange     '2.9.5',
53 silly addNameRange     '2.9.6',
53 silly addNameRange     '2.9.7',
53 silly addNameRange     '3.0.0-rc1',
53 silly addNameRange     '3.0.0-rc1-1',
53 silly addNameRange     '3.0.0-rc1-3',
53 silly addNameRange     '3.0.0',
53 silly addNameRange     '3.0.1',
53 silly addNameRange     '3.0.2',
53 silly addNameRange     '3.0.3',
53 silly addNameRange     '3.0.4',
53 silly addNameRange     '3.0.5',
53 silly addNameRange     '3.0.6',
53 silly addNameRange     '3.0.7',
53 silly addNameRange     '3.0.8',
53 silly addNameRange     '3.0.9',
53 silly addNameRange     '3.0.10',
53 silly addNameRange     '3.1.0-0.1.0',
53 silly addNameRange     '3.1.0-0.2.0',
53 silly addNameRange     '3.2.0-rc.1',
53 silly addNameRange     '3.2.0-0.1.0',
53 silly addNameRange     '3.2.0-0.2.0',
53 silly addNameRange     '3.2.0-0.3.0',
53 silly addNameRange     '3.2.0-0.4.0',
53 silly addNameRange     '3.3.0-rc.1',
53 silly addNameRange     '3.3.0-0.1.1',
53 silly addNameRange     '3.3.1-0.1.2',
53 silly addNameRange     '2.9.0-rc1',
53 silly addNameRange     '3.3.1-0.3.0',
53 silly addNameRange     '3.3.1-0.3.1',
53 silly addNameRange     '3.3.1-0.4.1',
53 silly addNameRange     '3.3.1-0.4.2',
53 silly addNameRange     '3.4.0-0.1.0',
53 silly addNameRange     '3.4.0-0.1.1',
53 silly addNameRange     '3.4.0-0.1.2',
53 silly addNameRange     '3.4.0-0.1.3',
53 silly addNameRange     '0.0.0-fake',
53 silly addNameRange     '3.4.1-0.1.0',
53 silly addNameRange     '3.5.0-0.2.0',
53 silly addNameRange     '3.5.0-0.2.1',
53 silly addNameRange     '3.5.0-0.2.2',
53 silly addNameRange     '3.5.0-0.2.3',
53 silly addNameRange     '3.5.0-0.2.4',
53 silly addNameRange     '3.5.0-0.2.6',
53 silly addNameRange     '3.5.0-0.2.7',
53 silly addNameRange     '3.6.0-0.2.8',
53 silly addNameRange     '3.6.0-0.2.9',
53 silly addNameRange     '3.6.1-0.2.10',
53 silly addNameRange     '3.6.3-0.2.11',
53 silly addNameRange     '3.6.3-0.2.12',
53 silly addNameRange     '3.6.3-0.2.13',
53 silly addNameRange     '4.0.0',
53 silly addNameRange     '4.0.1',
53 silly addNameRange     '4.1.0',
53 silly addNameRange     '4.1.1',
53 silly addNameRange     '4.1.2',
53 silly addNameRange     '4.1.3-nightly.2014.10.21',
53 silly addNameRange     '4.2.0',
53 silly addNameRange     '4.3.0',
53 silly addNameRange     '5.0.0',
53 silly addNameRange     '4.3.1',
53 silly addNameRange     '5.1.1',
53 silly addNameRange     '5.2.0',
53 silly addNameRange     '5.3.1' ] ]
54 verbose addNamed cordova@5.2.0
55 silly addNamed semver.valid 5.2.0
56 silly addNamed semver.validRange 5.2.0
57 silly mapToRegistry name cordova
58 silly mapToRegistry using default registry
59 silly mapToRegistry registry https://registry.npmjs.org/
60 silly mapToRegistry uri https://registry.npmjs.org/cordova
61 verbose addRemoteTarball https://registry.npmjs.org/cordova/-/cordova-5.2.0.tgz not in flight; adding
62 verbose addRemoteTarball [ 'https://registry.npmjs.org/cordova/-/cordova-5.2.0.tgz',
62 verbose addRemoteTarball   '33aded891bfe15c1835e92b4d9dfd456ecf391f2' ]
63 info retry fetch attempt 1 at 2:38:30 AM
64 info attempt registry request try #1 at 2:38:30 AM
65 http fetch GET https://registry.npmjs.org/cordova/-/cordova-5.2.0.tgz
66 http 200 https://registry.npmjs.org/ionic
67 silly get cb [ 200,
67 silly get   { server: 'CouchDB/1.5.0 (Erlang OTP/R16B03)',
67 silly get     etag: '"BXEAKOAOB18094O31MC7JNV78"',
67 silly get     'content-type': 'application/json',
67 silly get     'cache-control': 'max-age=60',
67 silly get     'content-length': '473497',
67 silly get     'accept-ranges': 'bytes',
67 silly get     date: 'Fri, 04 Sep 2015 19:38:21 GMT',
67 silly get     via: '1.1 varnish',
67 silly get     age: '0',
67 silly get     connection: 'keep-alive',
67 silly get     'x-served-by': 'cache-lax1422-LAX',
67 silly get     'x-cache': 'HIT',
67 silly get     'x-cache-hits': '1',
67 silly get     'x-timer': 'S1441395501.518013,VS0,VE47',
67 silly get     vary: 'Accept' } ]
68 verbose get saving ionic to /Users/softech/.npm/registry.npmjs.org/ionic/.cache.json
69 silly addNameRange number 2 { name: 'ionic', range: '*', hasData: true }
70 silly addNameRange versions [ 'ionic',
70 silly addNameRange   [ '0.9.6',
70 silly addNameRange     '0.9.8',
70 silly addNameRange     '0.9.9',
70 silly addNameRange     '0.9.10',
70 silly addNameRange     '0.9.11',
70 silly addNameRange     '0.9.12',
70 silly addNameRange     '0.9.13',
70 silly addNameRange     '0.9.14',
70 silly addNameRange     '0.9.15',
70 silly addNameRange     '0.9.16',
70 silly addNameRange     '1.0.0-beta.1',
70 silly addNameRange     '1.0.0-beta',
70 silly addNameRange     '1.0.1-beta',
70 silly addNameRange     '1.0.3-beta',
70 silly addNameRange     '1.0.4',
70 silly addNameRange     '1.0.5',
70 silly addNameRange     '1.0.6',
70 silly addNameRange     '1.0.7',
70 silly addNameRange     '1.0.8',
70 silly addNameRange     '1.0.9',
70 silly addNameRange     '1.0.10',
70 silly addNameRange     '1.0.11',
70 silly addNameRange     '1.0.12',
70 silly addNameRange     '1.0.13',
70 silly addNameRange     '1.0.14',
70 silly addNameRange     '1.0.15',
70 silly addNameRange     '1.0.16',
70 silly addNameRange     '1.0.17',
70 silly addNameRange     '1.1.0-beta1',
70 silly addNameRange     '1.1.0-beta2',
70 silly addNameRange     '1.1.0-beta3',
70 silly addNameRange     '1.1.0-beta4',
70 silly addNameRange     '1.1.0-beta5',
70 silly addNameRange     '1.1.0-beta6',
70 silly addNameRange     '1.1.0',
70 silly addNameRange     '1.1.1-beta1',
70 silly addNameRange     '1.1.1-beta2',
70 silly addNameRange     '1.1.1-beta3',
70 silly addNameRange     '1.1.1',
70 silly addNameRange     '1.1.3',
70 silly addNameRange     '1.1.4',
70 silly addNameRange     '1.1.5-beta1',
70 silly addNameRange     '1.1.5-beta2',
70 silly addNameRange     '1.1.5-beta3',
70 silly addNameRange     '1.1.5-beta4',
70 silly addNameRange     '1.1.5-beta5',
70 silly addNameRange     '1.1.5',
70 silly addNameRange     '1.1.6',
70 silly addNameRange     '1.1.7-beta1',
70 silly addNameRange     '1.1.7',
70 silly addNameRange     '1.1.8-beta1',
70 silly addNameRange     '1.1.8-beta2',
70 silly addNameRange     '1.1.8-beta3',
70 silly addNameRange     '1.1.8-beta4',
70 silly addNameRange     '1.1.8-beta5',
70 silly addNameRange     '1.1.8',
70 silly addNameRange     '1.1.9-beta1',
70 silly addNameRange     '1.1.9',
70 silly addNameRange     '1.1.10',
70 silly addNameRange     '1.1.11-beta1',
70 silly addNameRange     '1.1.11-beta2',
70 silly addNameRange     '1.1.11',
70 silly addNameRange     '1.1.12-beta1',
70 silly addNameRange     '1.1.12-beta2',
70 silly addNameRange     '1.1.12-beta3',
70 silly addNameRange     '1.1.12',
70 silly addNameRange     '1.1.13',
70 silly addNameRange     '1.1.14-beta1',
70 silly addNameRange     '1.1.14-beta2',
70 silly addNameRange     '1.1.14-beta3',
70 silly addNameRange     '1.2.0-beta1',
70 silly addNameRange     '1.2.0',
70 silly addNameRange     '1.2.1-beta1',
70 silly addNameRange     '1.2.1-beta2',
70 silly addNameRange     '1.2.1-beta3',
70 silly addNameRange     '1.2.1-beta4',
70 silly addNameRange     '1.2.1',
70 silly addNameRange     '1.2.2',
70 silly addNameRange     '1.2.3-beta1',
70 silly addNameRange     '1.2.3-beta2',
70 silly addNameRange     '1.2.3-beta3',
70 silly addNameRange     '1.2.3',
70 silly addNameRange     '1.2.4-beta1',
70 silly addNameRange     '1.2.4-beta2',
70 silly addNameRange     '1.2.4-beta3',
70 silly addNameRange     '1.2.4',
70 silly addNameRange     '1.2.5-beta1',
70 silly addNameRange     '1.2.5-beta2',
70 silly addNameRange     '1.2.5-beta3',
70 silly addNameRange     '1.2.5',
70 silly addNameRange     '1.2.6-beta1',
70 silly addNameRange     '1.2.6-beta2',
70 silly addNameRange     '1.2.6-beta3',
70 silly addNameRange     '1.2.6',
70 silly addNameRange     '1.2.7',
70 silly addNameRange     '1.2.8-beta1',
70 silly addNameRange     '1.2.8-beta2',
70 silly addNameRange     '1.2.8',
70 silly addNameRange     '1.2.9',
70 silly addNameRange     '1.2.10',
70 silly addNameRange     '1.2.11',
70 silly addNameRange     '1.2.12',
70 silly addNameRange     '1.2.13',
70 silly addNameRange     '1.2.14-beta1',
70 silly addNameRange     '1.2.14-beta2',
70 silly addNameRange     '1.2.14-beta3',
70 silly addNameRange     '1.2.14-beta4',
70 silly addNameRange     '1.2.14-beta5',
70 silly addNameRange     '1.2.14-beta6',
70 silly addNameRange     '1.2.14',
70 silly addNameRange     '1.3.0-beta1',
70 silly addNameRange     '1.3.0',
70 silly addNameRange     '1.3.1',
70 silly addNameRange     '1.3.2',
70 silly addNameRange     '1.3.3',
70 silly addNameRange     '1.3.4',
70 silly addNameRange     '1.3.5',
70 silly addNameRange     '1.3.6',
70 silly addNameRange     '1.3.7',
70 silly addNameRange     '1.3.8',
70 silly addNameRange     '1.3.9',
70 silly addNameRange     '1.3.10',
70 silly addNameRange     '1.4.0-alpha.1',
70 silly addNameRange     '1.3.11',
70 silly addNameRange     '1.3.1-1.alpha.0',
70 silly addNameRange     '1.4.0-alpha.2',
70 silly addNameRange     '1.3.12',
70 silly addNameRange     '1.3.12-beta.1',
70 silly addNameRange     '1.3.12-beta.2',
70 silly addNameRange     '1.3.13-beta.0',
70 silly addNameRange     '1.3.1-3.beta.1',
70 silly addNameRange     '1.3.1-3.beta.2',
70 silly addNameRange     '1.3.13',
70 silly addNameRange     '1.3.1-3.beta.4',
70 silly addNameRange     '1.3.14-beta',
70 silly addNameRange     '1.3.14-beta.1',
70 silly addNameRange     '1.4.0-alpha.3',
70 silly addNameRange     '1.3.14',
70 silly addNameRange     '1.4.0-alpha.4',
70 silly addNameRange     '1.4.0-alpha.5',
70 silly addNameRange     '1.3.15-beta.0',
70 silly addNameRange     '1.3.15-beta.1',
70 silly addNameRange     '1.3.15-beta.2',
70 silly addNameRange     '1.3.15-beta.3',
70 silly addNameRange     '1.3.15-beta.4',
70 silly addNameRange     '1.3.15',
70 silly addNameRange     '1.3.16',
70 silly addNameRange     '1.4.0-alpha.6',
70 silly addNameRange     '1.3.17-beta.0',
70 silly addNameRange     '1.3.17-beta.1',
70 silly addNameRange     '1.3.17-beta.2',
70 silly addNameRange     '1.3.17-beta.3',
70 silly addNameRange     '1.3.1-7.beta.4',
70 silly addNameRange     '1.3.17',
70 silly addNameRange     '1.3.18-beta.0',
70 silly addNameRange     '1.3.18-beta.1',
70 silly addNameRange     '1.3.18-beta.2',
70 silly addNameRange     '1.3.18-beta.3',
70 silly addNameRange     '1.3.18',
70 silly addNameRange     '1.3.19-beta.0',
70 silly addNameRange     '1.3.19-beta.1',
70 silly addNameRange     '1.3.19-beta.2',
70 silly addNameRange     '1.3.19-beta.3',
70 silly addNameRange     '1.3.19-beta.4',
70 silly addNameRange     '1.3.19',
70 silly addNameRange     '1.3.20',
70 silly addNameRange     '1.4.1-beta.0',
70 silly addNameRange     '1.4.0-beta.1',
70 silly addNameRange     '1.4.0-beta.2',
70 silly addNameRange     '1.4.0-beta.3',
70 silly addNameRange     '1.4.0-beta.5',
70 silly addNameRange     '1.4.0-beta.6',
70 silly addNameRange     '1.4.0-beta.7',
70 silly addNameRange     '1.3.21-beta.0',
70 silly addNameRange     '1.3.21-beta.1',
70 silly addNameRange     '1.3.21',
70 silly addNameRange     '1.3.22',
70 silly addNameRange     '1.4.0-beta.8',
70 silly addNameRange     '1.4.0-beta.9',
70 silly addNameRange     '1.4.0-beta.10',
70 silly addNameRange     '1.4.0-beta.11',
70 silly addNameRange     '1.4.0-beta.12',
70 silly addNameRange     '1.4.0-beta.13',
70 silly addNameRange     '1.4.0-beta.14',
70 silly addNameRange     '1.4.0-beta.15',
70 silly addNameRange     '1.4.0-beta.16',
70 silly addNameRange     '1.4.0-beta.17',
70 silly addNameRange     '1.4.0-beta.18',
70 silly addNameRange     '1.4.0',
70 silly addNameRange     '1.4.1',
70 silly addNameRange     '1.4.2',
70 silly addNameRange     '1.4.3',
70 silly addNameRange     '1.4.4-beta.0',
70 silly addNameRange     '1.4.4-beta.2',
70 silly addNameRange     '1.4.4',
70 silly addNameRange     '1.4.5-beta.0',
70 silly addNameRange     '1.4.5-beta.1',
70 silly addNameRange     '1.4.5-beta.2',
70 silly addNameRange     '1.4.5-beta.3',
70 silly addNameRange     '1.4.5',
70 silly addNameRange     '1.4.6-beta.0',
70 silly addNameRange     '1.4.6',
70 silly addNameRange     '1.4.7',
70 silly addNameRange     '1.4.8',
70 silly addNameRange     '1.5.0-beta.0',
70 silly addNameRange     '1.5.0-beta.1',
70 silly addNameRange     '1.5.0',
70 silly addNameRange     '1.5.1-beta.0',
70 silly addNameRange     '1.5.1-beta.1',
70 silly addNameRange     '1.5.1-beta.2',
70 silly addNameRange     '1.5.1-beta.3',
70 silly addNameRange     '1.5.1-beta.4',
70 silly addNameRange     '1.5.1',
70 silly addNameRange     '1.5.2',
70 silly addNameRange     '1.5.3',
70 silly addNameRange     '1.5.4',
70 silly addNameRange     '1.5.5',
70 silly addNameRange     '1.6.0-beta.1',
70 silly addNameRange     '1.6.0',
70 silly addNameRange     '1.6.1',
70 silly addNameRange     '1.6.2-beta.0',
70 silly addNameRange     '1.6.2-beta.1',
70 silly addNameRange     '1.6.2-beta.2',
70 silly addNameRange     '1.6.2',
70 silly addNameRange     '1.6.3-beta.0',
70 silly addNameRange     '1.6.3-beta.1',
70 silly addNameRange     '1.6.3',
70 silly addNameRange     '1.6.4-beta.0',
70 silly addNameRange     '1.6.4-beta.1',
70 silly addNameRange     '1.6.4',
70 silly addNameRange     '1.7.0-beta.0',
70 silly addNameRange     '1.7.0-beta.1' ] ]
71 verbose addNamed ionic@1.6.4
72 silly addNamed semver.valid 1.6.4
73 silly addNamed semver.validRange 1.6.4
74 silly mapToRegistry name ionic
75 silly mapToRegistry using default registry
76 silly mapToRegistry registry https://registry.npmjs.org/
77 silly mapToRegistry uri https://registry.npmjs.org/ionic
78 verbose addRemoteTarball https://registry.npmjs.org/ionic/-/ionic-1.6.4.tgz not in flight; adding
79 verbose addRemoteTarball [ 'https://registry.npmjs.org/ionic/-/ionic-1.6.4.tgz',
79 verbose addRemoteTarball   '2c0cd94c4316cab206796e44fe67565bf4b883a0' ]
80 info retry fetch attempt 1 at 2:38:35 AM
81 info attempt registry request try #1 at 2:38:35 AM
82 http fetch GET https://registry.npmjs.org/ionic/-/ionic-1.6.4.tgz
83 http fetch 200 https://registry.npmjs.org/cordova/-/cordova-5.2.0.tgz
84 http fetch 200 https://registry.npmjs.org/ionic/-/ionic-1.6.4.tgz
85 silly fetchAndShaCheck shasum 2c0cd94c4316cab206796e44fe67565bf4b883a0
86 verbose addTmpTarball /var/folders/df/4lhv9zk510l3jhp7kxfqsgkw0000gn/T/npm-877-c6a1bbc5/registry.npmjs.org/ionic/-/ionic-1.6.4.tgz not in flight; adding
87 verbose addTmpTarball already have metadata; skipping unpack for ionic@1.6.4
88 silly cache afterAdd ionic@1.6.4
89 verbose afterAdd /Users/softech/.npm/ionic/1.6.4/package/package.json not in flight; writing
90 verbose afterAdd /Users/softech/.npm/ionic/1.6.4/package/package.json written
91 silly fetchAndShaCheck shasum 33aded891bfe15c1835e92b4d9dfd456ecf391f2
92 verbose addTmpTarball /var/folders/df/4lhv9zk510l3jhp7kxfqsgkw0000gn/T/npm-877-c6a1bbc5/registry.npmjs.org/cordova/-/cordova-5.2.0.tgz not in flight; adding
93 verbose addTmpTarball already have metadata; skipping unpack for cordova@5.2.0
94 silly cache afterAdd cordova@5.2.0
95 verbose afterAdd /Users/softech/.npm/cordova/5.2.0/package/package.json not in flight; writing
96 verbose afterAdd /Users/softech/.npm/cordova/5.2.0/package/package.json written
97 silly install resolved [ { name: 'ionic',
97 silly install resolved     version: '1.6.4',
97 silly install resolved     preferGlobal: true,
97 silly install resolved     description: 'A tool for creating and developing Ionic Framework mobile apps.',
97 silly install resolved     homepage: 'http://ionicframework.com/',
97 silly install resolved     bin: { ionic: 'bin/ionic' },
97 silly install resolved     scripts:
97 silly install resolved      { bump: 'node lib/tasks/bumpversion',
97 silly install resolved        'beta-bump': 'node lib/tasks/bumpversion --level pre --identifier beta',
97 silly install resolved        'publish-release': 'node lib/tasks/bumpversion --npmPublish',
97 silly install resolved        'publish-tag': 'node lib/tasks/bumpversion --level beta --npmPublishTag',
97 silly install resolved        'full-release': 'node lib/tasks/bumpversion --npmInstall --git --npmPublish',
97 silly install resolved        test: 'npm run jasmine',
97 silly install resolved        e2e: 'jasmine-node --captureExceptions ./e2e',
97 silly install resolved        jasmine: 'jasmine-node --captureExceptions  ./spec' },
97 silly install resolved     keywords:
97 silly install resolved      [ 'ionic',
97 silly install resolved        'ionic framework',
97 silly install resolved        'ionicframework',
97 silly install resolved        'mobile',
97 silly install resolved        'app',
97 silly install resolved        'hybrid',
97 silly install resolved        'cordova',
97 silly install resolved        'phonegap' ],
97 silly install resolved     repository:
97 silly install resolved      { type: 'git',
97 silly install resolved        url: 'git+https://github.com/driftyco/ionic-cli.git' },
97 silly install resolved     contributors: [ [Object], [Object], [Object], [Object] ],
97 silly install resolved     license: 'MIT',
97 silly install resolved     dependencies:
97 silly install resolved      { async: '^0.9.0',
97 silly install resolved        cheerio: '^0.19.0',
97 silly install resolved        'cli-table': '^0.3.1',
97 silly install resolved        colors: '0.6.2',
97 silly install resolved        connect: '3.1.1',
97 silly install resolved        'connect-livereload': '0.5.2',
97 silly install resolved        crc: '3.2.1',
97 silly install resolved        'cross-spawn': '0.2.3',
97 silly install resolved        'event-stream': '3.0.x',
97 silly install resolved        finalhandler: '0.2.0',
97 silly install resolved        'form-data': '0.1.4',
97 silly install resolved        gulp: '3.8.8',
97 silly install resolved        'ionic-app-lib': '0.3.8',
97 silly install resolved        ncp: '0.4.2',
97 silly install resolved        npm: '2.1.3',
97 silly install resolved        'opbeat-ionic': '^1.1.3',
97 silly install resolved        open: '0.0.5',
97 silly install resolved        optimist: '0.6.0',
97 silly install resolved        progress: '1.1.7',
97 silly install resolved        prompt: '0.2.12',
97 silly install resolved        'proxy-middleware': '^0.7.0',
97 silly install resolved        q: '1.0.1',
97 silly install resolved        request: '2.51.0',
97 silly install resolved        semver: '^4.2.0',
97 silly install resolved        'serve-static': '1.7.1',
97 silly install resolved        shelljs: '0.2.6',
97 silly install resolved        'tiny-lr-fork': '0.0.5',
97 silly install resolved        underscore: '~1.7.0',
97 silly install resolved        unzip: '0.1.9',
97 silly install resolved        'vinyl-fs': '0.3.7',
97 silly install resolved        xml2js: '0.4.4' },
97 silly install resolved     devDependencies: { 'jasmine-node': '^1.14.5' },
97 silly install resolved     gitHead: 'd43af1c933e81dc62cd9e0d752a41f827c85bd7f',
97 silly install resolved     bugs: { url: 'https://github.com/driftyco/ionic-cli/issues' },
97 silly install resolved     _id: 'ionic@1.6.4',
97 silly install resolved     _shasum: '2c0cd94c4316cab206796e44fe67565bf4b883a0',
97 silly install resolved     _from: 'ionic@*',
97 silly install resolved     _npmVersion: '2.12.0',
97 silly install resolved     _nodeVersion: '0.10.38',
97 silly install resolved     _npmUser: { name: 'ericb', email: 'eric@hellouser.net' },
97 silly install resolved     dist:
97 silly install resolved      { shasum: '2c0cd94c4316cab206796e44fe67565bf4b883a0',
97 silly install resolved        tarball: 'http://registry.npmjs.org/ionic/-/ionic-1.6.4.tgz' },
97 silly install resolved     maintainers: [ [Object], [Object], [Object], [Object] ],
97 silly install resolved     directories: {},
97 silly install resolved     _resolved: 'https://registry.npmjs.org/ionic/-/ionic-1.6.4.tgz' },
97 silly install resolved   { name: 'cordova',
97 silly install resolved     version: '5.2.0',
97 silly install resolved     preferGlobal: 'true',
97 silly install resolved     description: 'Cordova command line interface tool',
97 silly install resolved     main: 'cordova',
97 silly install resolved     engines: { node: '>=0.9.9' },
97 silly install resolved     engineStrict: true,
97 silly install resolved     bin: { cordova: './bin/cordova' },
97 silly install resolved     scripts:
97 silly install resolved      { test: 'node node_modules/jasmine-node/bin/jasmine-node --captureExceptions --color spec',
97 silly install resolved        cover: 'node node_modules/istanbul/lib/cli.js cover --root src --print detail node_modules/jasmine-node/bin/jasmine-node -- spec' },
97 silly install resolved     repository:
97 silly install resolved      { type: 'git',
97 silly install resolved        url: 'https://git-wip-us.apache.org/repos/asf/cordova-cli.git' },
97 silly install resolved     bugs:
97 silly install resolved      { url: 'https://issues.apache.org/jira/browse/CB',
97 silly install resolved        email: 'dev@cordova.apache.org' },
97 silly install resolved     keywords: [ 'cordova', 'client', 'cli' ],
97 silly install resolved     dependencies:
97 silly install resolved      { 'cordova-lib': '5.2.0',
97 silly install resolved        q: '1.0.1',
97 silly install resolved        nopt: '3.0.1',
97 silly install resolved        underscore: '1.7.0' },
97 silly install resolved     devDependencies:
97 silly install resolved      { istanbul: '^0.3.4',
97 silly install resolved        grunt: '0.4.5',
97 silly install resolved        'grunt-retire': '0.3.7',
97 silly install resolved        'jasmine-node': '1.14.5' },
97 silly install resolved     author: { name: 'Anis Kadri' },
97 silly install resolved     contributors:
97 silly install resolved      [ [Object],
97 silly install resolved        [Object],
97 silly install resolved        [Object],
97 silly install resolved        [Object],
97 silly install resolved        [Object],
97 silly install resolved        [Object],
97 silly install resolved        [Object],
97 silly install resolved        [Object],
97 silly install resolved        [Object],
97 silly install resolved        [Object],
97 silly install resolved        [Object],
97 silly install resolved        [Object],
97 silly install resolved        [Object],
97 silly install resolved        [Object],
97 silly install resolved        [Object],
97 silly install resolved        [Object],
97 silly install resolved        [Object],
97 silly install resolved        [Object],
97 silly install resolved        [Object],
97 silly install resolved        [Object],
97 silly install resolved        [Object],
97 silly install resolved        [Object],
97 silly install resolved        [Object],
97 silly install resolved        [Object] ],
97 silly install resolved     license: 'Apache version 2.0',
97 silly install resolved     _id: 'cordova@5.2.0',
97 silly install resolved     _shasum: '33aded891bfe15c1835e92b4d9dfd456ecf391f2',
97 silly install resolved     _resolved: 'https://registry.npmjs.org/cordova/-/cordova-5.2.0.tgz',
97 silly install resolved     _from: 'cordova@*',
97 silly install resolved     _npmVersion: '2.13.2',
97 silly install resolved     _nodeVersion: '0.10.36',
97 silly install resolved     _npmUser: { name: 'stevegill', email: 'stevengill97@gmail.com' },
97 silly install resolved     dist:
97 silly install resolved      { shasum: '33aded891bfe15c1835e92b4d9dfd456ecf391f2',
97 silly install resolved        tarball: 'http://registry.npmjs.org/cordova/-/cordova-5.2.0.tgz' },
97 silly install resolved     maintainers:
97 silly install resolved      [ [Object],
97 silly install resolved        [Object],
97 silly install resolved        [Object],
97 silly install resolved        [Object],
97 silly install resolved        [Object],
97 silly install resolved        [Object],
97 silly install resolved        [Object],
97 silly install resolved        [Object],
97 silly install resolved        [Object],
97 silly install resolved        [Object],
97 silly install resolved        [Object],
97 silly install resolved        [Object],
97 silly install resolved        [Object],
97 silly install resolved        [Object],
97 silly install resolved        [Object],
97 silly install resolved        [Object],
97 silly install resolved        [Object] ],
97 silly install resolved     directories: {} } ]
98 info install ionic@1.6.4 into /usr/local/lib
99 info install cordova@5.2.0 into /usr/local/lib
100 info installOne ionic@1.6.4
101 verbose installOne of ionic to /usr/local/lib not in flight; installing
102 info installOne cordova@5.2.0
103 verbose installOne of cordova to /usr/local/lib not in flight; installing
104 warn locking Error: EACCES, open '/Users/softech/.npm/_locks/ionic-61c0cd50dc7a1457.lock'
104 warn locking     at Error (native)
104 warn locking  /Users/softech/.npm/_locks/ionic-61c0cd50dc7a1457.lock failed { [Error: EACCES, open '/Users/softech/.npm/_locks/ionic-61c0cd50dc7a1457.lock']
104 warn locking   errno: -13,
104 warn locking   code: 'EACCES',
104 warn locking   path: '/Users/softech/.npm/_locks/ionic-61c0cd50dc7a1457.lock' }
105 verbose stack Error: Attempt to unlock /usr/local/lib/node_modules/ionic, which hasn't been locked
105 verbose stack     at unlock (/usr/local/lib/node_modules/npm/lib/utils/locker.js:66:11)
105 verbose stack     at cb (/usr/local/lib/node_modules/npm/lib/install.js:929:5)
105 verbose stack     at /usr/local/lib/node_modules/npm/lib/install.js:933:20
105 verbose stack     at /usr/local/lib/node_modules/npm/lib/utils/locker.js:40:9
105 verbose stack     at cb (/usr/local/lib/node_modules/npm/node_modules/lockfile/lockfile.js:149:38)
105 verbose stack     at /usr/local/lib/node_modules/npm/node_modules/lockfile/lockfile.js:177:38
105 verbose stack     at FSReqWrap.oncomplete (fs.js:99:15)
106 verbose cwd /Users/softech/Dropbox/Ionic/EzReading
107 error Darwin 14.3.0
108 error argv "node" "/usr/local/bin/npm" "install" "-g" "cordova" "ionic"
109 error node v0.12.0
110 error npm  v2.5.1
111 error Attempt to unlock /usr/local/lib/node_modules/ionic, which hasn't been locked
112 error If you need help, you may report this error at:
112 error     <http://github.com/npm/npm/issues>
113 verbose exit [ 1, true ]
